<?xml version="1.0" encoding="UTF-8"?>
<!-- Generated by org.testng.reporters.JUnitReportReporter -->
<testsuite hostname="EMB-BAN-669" failures="0" tests="1" name="com.base.AmazonRobot" time="6.435" errors="0" timestamp="2023-06-07T22:40:00 IST" skipped="0">
  <testcase classname="com.base.AmazonRobot" name="tc1" time="6.435"/>
  <system-out/>
</testsuite> <!-- com.base.AmazonRobot -->
