<?xml version="1.0" encoding="UTF-8"?>
<!-- Generated by org.testng.reporters.JUnitReportReporter -->
<testsuite hostname="EMB-BAN-669" failures="0" tests="1" name="com.base.AdactinDataDriven" time="10.363" errors="0" timestamp="2023-06-07T22:41:33 IST" skipped="0">
  <testcase classname="com.base.AdactinDataDriven" name="tc1" time="10.363"/>
  <system-out/>
</testsuite> <!-- com.base.AdactinDataDriven -->
