<?xml version="1.0" encoding="UTF-8"?>
<!-- Generated by org.testng.reporters.JUnitReportReporter -->
<testsuite hostname="EMB-BAN-669" failures="0" tests="1" name="com.base.Excelwrite" time="0.538" errors="0" timestamp="2023-06-05T09:59:25 IST" skipped="0">
  <testcase classname="com.base.Excelwrite" name="tc1" time="0.538"/>
  <system-out/>
</testsuite> <!-- com.base.Excelwrite -->
