<?xml version="1.0" encoding="UTF-8"?>
<!-- Generated by org.testng.reporters.JUnitReportReporter -->
<testsuite hostname="EMB-BAN-669" failures="0" tests="4" name="com.base.SampleTestng" time="0.018" errors="0" timestamp="2023-05-30T07:57:11 IST" skipped="1">
  <testcase classname="com.base.SampleTestng" name="tc2" time="0.009"/>
  <system-out/>
  <testcase classname="com.base.SampleTestng" name="tc1" time="0.004"/>
  <system-out/>
  <testcase classname="com.base.SampleTestng" name="tc1" time="0.005"/>
  <system-out/>
  <testcase classname="com.base.SampleTestng" name="tc3">
    <skipped/>
  </testcase> <!-- tc3 -->
  <system-out/>
</testsuite> <!-- com.base.SampleTestng -->
