<?xml version="1.0" encoding="UTF-8"?>
<!-- Generated by org.testng.reporters.JUnitReportReporter -->
<testsuite hostname="EMB-BAN-669" failures="0" tests="1" name="com.base.Demotestng" time="13.835" errors="0" timestamp="2023-06-29T07:19:27 IST" skipped="0">
  <testcase classname="com.base.Demotestng" name="tc1" time="13.835"/>
  <system-out/>
</testsuite> <!-- com.base.Demotestng -->
