<?xml version="1.0" encoding="UTF-8"?>
<!-- Generated by org.testng.reporters.JUnitReportReporter -->
<testsuite hostname="EMB-BAN-669" failures="0" tests="1" name="com.base.ExcelRead" time="0.656" errors="0" timestamp="2023-06-05T09:37:01 IST" skipped="0">
  <testcase classname="com.base.ExcelRead" name="tc1" time="0.656"/>
  <system-out/>
</testsuite> <!-- com.base.ExcelRead -->
